#
# A fatal error has been detected by the Java Runtime Environment:
#
#  EXCEPTION_ACCESS_VIOLATION (0xc0000005) at pc=0x00000000779821a2, pid=24672, tid=0x00000000000060ac
#
# JRE version: Java(TM) SE Runtime Environment (8.0_121-b13) (build 1.8.0_121-b13)
# Java VM: Java HotSpot(TM) 64-Bit Server VM (25.121-b13 mixed mode windows-amd64 compressed oops)
# Problematic frame:
# V  [jvm.dll+0x2221a2]
#
# Failed to write core dump. Minidumps are not enabled by default on client versions of Windows
#
# If you would like to submit a bug report, please visit:
#   http://bugreport.java.com/bugreport/crash.jsp
#

---------------  T H R E A D  ---------------

Current thread (0x0000000003dc3800):  JavaThread "main" [_thread_in_vm, id=24748, stack(0x00000000033c0000,0x0000000003dc0000)]

siginfo: ExceptionCode=0xc0000005, reading address 0x0000004c005f0054

Registers:
RAX=0x0000004c005f004c, RBX=0x00000000fe247a80, RCX=0x00000000fe247a80, RDX=0x0000000003dc3800
RSP=0x0000000003dbee80, RBP=0x0000000003dbef48, RSI=0x0000000003dbef68, RDI=0x0000000003dc39f8
R8 =0x0000000000000004, R9 =0x00000000016f7e00, R10=0x0000000003ee0fe0, R11=0x000000007798b820
R12=0x0000000000000000, R13=0x00000000139ad0a8, R14=0x0000000003dbef68, R15=0x0000000003dc3800
RIP=0x00000000779821a2, EFLAGS=0x0000000000010246

Top of Stack: (sp=0x0000000003dbee80)
0x0000000003dbee80:   0000000003ec56d0 0000000000000000
0x0000000003dbee90:   0000000003dbef48 0000000003dbef08
0x0000000003dbeea0:   0000000003dc3800 00000000778de7e5
0x0000000003dbeeb0:   0000000003ec56d0 0000000000000000
0x0000000003dbeec0:   0000000003dbef48 0000000003dbef08
0x0000000003dbeed0:   0000000001000021 0000000003ee100c
0x0000000003dbeee0:   0000000003dc3800 00000000139ad0b0
0x0000000003dbeef0:   000000002000a1a5 0000000003dbef70
0x0000000003dbef00:   0000000003ee0b91 0000000003dbef08
0x0000000003dbef10:   00000000139ad0a8 0000000003dbef68
0x0000000003dbef20:   0000000013a5c210 0000000000000000
0x0000000003dbef30:   00000000139ad0b0 0000000000000000
0x0000000003dbef40:   0000000003dbef68 0000000003dbefb0
0x0000000003dbef50:   0000000003ec8180 0000000000000000
0x0000000003dbef60:   0000000003ed71bb 00000000fe247a80
0x0000000003dbef70:   0000000003dbef70 00000000139f5b39 

Instructions: (pc=0x00000000779821a2)
0x0000000077982182:   48 83 ec 20 48 8b d9 e8 02 64 e4 ff 84 c0 74 08
0x0000000077982192:   33 c0 48 83 c4 20 5b c3 48 8b cb e8 ce 63 e4 ff
0x00000000779821a2:   83 78 08 00 7d ea 48 8b 80 e8 00 00 00 48 83 c4
0x00000000779821b2:   20 5b c3 cc cc cc cc cc cc cc cc cc cc cc e9 7b 


Register to memory mapping:

RAX=0x0000004c005f004c is an unknown value
RBX=0x00000000fe247a80 is an oop
java.lang.invoke.BoundMethodHandle$Species_L 
 - klass: 'java/lang/invoke/BoundMethodHandle$Species_L'
RCX=0x00000000fe247a80 is an oop
java.lang.invoke.BoundMethodHandle$Species_L 
 - klass: 'java/lang/invoke/BoundMethodHandle$Species_L'
RDX=0x0000000003dc3800 is a thread
RSP=0x0000000003dbee80 is pointing into the stack for thread: 0x0000000003dc3800
RBP=0x0000000003dbef48 is pointing into the stack for thread: 0x0000000003dc3800
RSI=0x0000000003dbef68 is pointing into the stack for thread: 0x0000000003dc3800
RDI=0x0000000003dc39f8 is an unknown value
R8 =0x0000000000000004 is an unknown value
R9 =0x00000000016f7e00 is an unknown value
R10=0x0000000003ee0fe0 is at code_begin+1632 in an Interpreter codelet
method entry point (kind = native)  [0x0000000003ee0980, 0x0000000003ee19a0]  4128 bytes
R11=0x000000007798b820 is an unknown value
R12=0x0000000000000000 is an unknown value
R13=0x00000000139ad0a8 is pointing into metadata
R14=0x0000000003dbef68 is pointing into the stack for thread: 0x0000000003dc3800
R15=0x0000000003dc3800 is a thread


Stack: [0x00000000033c0000,0x0000000003dc0000],  sp=0x0000000003dbee80,  free space=10235k
Native frames: (J=compiled Java code, j=interpreted, Vv=VM code, C=native code)
V  [jvm.dll+0x2221a2]
V  [jvm.dll+0x17e7e5]
C  0x0000000003ee100c

Java frames: (J=compiled Java code, j=interpreted, Vv=VM code)
j  java.lang.Class.getComponentType()Ljava/lang/Class;+0
j  java.lang.invoke.MethodHandle.spreadArrayChecks(Ljava/lang/Class;I)V+1
j  java.lang.invoke.MethodHandle.asSpreaderChecks(Ljava/lang/Class;I)Ljava/lang/invoke/MethodType;+3
j  java.lang.invoke.MethodHandle.asSpreader(Ljava/lang/Class;I)Ljava/lang/invoke/MethodHandle;+3
j  org.lanqiao.oom.ThreadOOM.main([Ljava/lang/String;)V+42
v  ~StubRoutines::call_stub

---------------  P R O C E S S  ---------------

Java Threads: ( => current thread )
  0x0000000016980000 JavaThread "Service Thread" daemon [_thread_blocked, id=26236, stack(0x000000001a1d0000,0x000000001abd0000)]
  0x000000001693c000 JavaThread "C1 CompilerThread2" daemon [_thread_blocked, id=26252, stack(0x000000001a0d0000,0x000000001a1d0000)]
  0x000000001690a800 JavaThread "C2 CompilerThread1" daemon [_thread_blocked, id=26256, stack(0x0000000019fd0000,0x000000001a0d0000)]
  0x0000000016904800 JavaThread "C2 CompilerThread0" daemon [_thread_blocked, id=26260, stack(0x0000000019ed0000,0x0000000019fd0000)]
  0x00000000168f8800 JavaThread "JDWP Command Reader" daemon [_thread_in_native, id=26248, stack(0x00000000194d0000,0x0000000019ed0000)]
  0x00000000168f5000 JavaThread "JDWP Event Helper Thread" daemon [_thread_blocked, id=26220, stack(0x0000000018ad0000,0x00000000194d0000)]
  0x00000000168e8000 JavaThread "JDWP Transport Listener: dt_socket" daemon [_thread_blocked, id=26180, stack(0x00000000180d0000,0x0000000018ad0000)]
  0x00000000168d9800 JavaThread "Attach Listener" daemon [_thread_blocked, id=25924, stack(0x00000000176d0000,0x00000000180d0000)]
  0x0000000014353800 JavaThread "Signal Dispatcher" daemon [_thread_blocked, id=25812, stack(0x0000000016cd0000,0x00000000176d0000)]
  0x0000000003ebe000 JavaThread "Finalizer" daemon [_thread_blocked, id=24804, stack(0x0000000015ed0000,0x00000000168d0000)]
  0x0000000003eb5000 JavaThread "Reference Handler" daemon [_thread_blocked, id=24800, stack(0x00000000154d0000,0x0000000015ed0000)]
=>0x0000000003dc3800 JavaThread "main" [_thread_in_vm, id=24748, stack(0x00000000033c0000,0x0000000003dc0000)]

Other Threads:
  0x0000000014307000 VMThread [stack: 0x00000000153d0000,0x00000000154d0000] [id=24792]
  0x00000000169e4800 WatcherThread [stack: 0x000000001abd0000,0x000000001acd0000] [id=26232]

VM state:not at safepoint (normal execution)

VM Mutex/Monitor currently owned by a thread: None

Heap:
 PSYoungGen      total 29696K, used 3587K [0x00000000fdf00000, 0x0000000100000000, 0x0000000100000000)
  eden space 25600K, 14% used [0x00000000fdf00000,0x00000000fe280ce8,0x00000000ff800000)
  from space 4096K, 0% used [0x00000000ffc00000,0x00000000ffc00000,0x0000000100000000)
  to   space 4096K, 0% used [0x00000000ff800000,0x00000000ff800000,0x00000000ffc00000)
 ParOldGen       total 68608K, used 0K [0x00000000f9c00000, 0x00000000fdf00000, 0x00000000fdf00000)
  object space 68608K, 0% used [0x00000000f9c00000,0x00000000f9c00000,0x00000000fdf00000)
 Metaspace       used 3824K, capacity 4672K, committed 4864K, reserved 1056768K
  class space    used 437K, capacity 497K, committed 512K, reserved 1048576K

Card table byte_map: [0x00000000016b0000,0x00000000016f0000] byte_map_base: 0x0000000000ee2000

Marking Bits: (ParMarkBitMap*) 0x0000000077f7b6d0
 Begin Bits: [0x0000000013680000, 0x0000000013810000)
 End Bits:   [0x0000000013810000, 0x00000000139a0000)

Polling page: 0x0000000001290000

CodeCache: size=245760Kb used=1146Kb max_used=1146Kb free=244613Kb
 bounds [0x0000000003ec0000, 0x0000000004130000, 0x0000000012ec0000]
 total_blobs=331 nmethods=77 adapters=175
 compilation: enabled

Compilation events (10 events):
Event: 0.262 Thread 0x000000001693c000   31       3       java.io.WinNTFileSystem::isSlash (18 bytes)
Event: 0.262 Thread 0x000000001693c000 nmethod 31 0x0000000003fd1cd0 code [0x0000000003fd1e20, 0x0000000003fd2010]
Event: 0.262 Thread 0x000000001693c000   30  s    3       java.lang.StringBuffer::append (13 bytes)
Event: 0.262 Thread 0x000000001693c000 nmethod 30 0x0000000003fd0f50 code [0x0000000003fd1100, 0x0000000003fd1838]
Event: 0.262 Thread 0x000000001693c000   32       3       java.lang.AbstractStringBuilder::append (50 bytes)
Event: 0.263 Thread 0x000000001693c000 nmethod 32 0x0000000003fd53d0 code [0x0000000003fd55a0, 0x0000000003fd5cf8]
Event: 0.263 Thread 0x000000001693c000   26       3       java.io.WinNTFileSystem::isLetter (30 bytes)
Event: 0.264 Thread 0x000000001693c000 nmethod 26 0x0000000003fd6010 code [0x0000000003fd6180, 0x0000000003fd63d0]
Event: 9.879 Thread 0x000000001693c000   33       3       java.lang.StringBuilder::append (8 bytes)
Event: 9.879 Thread 0x000000001693c000 nmethod 33 0x0000000003fd6450 code [0x0000000003fd65c0, 0x0000000003fd6768]

GC Heap History (0 events):
No events

Deoptimization events (0 events):
No events

Internal exceptions (4 events):
Event: 0.061 Thread 0x0000000003dc3800 Exception <a 'java/lang/NoSuchMethodError': Method sun.misc.Unsafe.defineClass(Ljava/lang/String;[BII)Ljava/lang/Class; name or signature does not match> (0x00000000fdf07ca8) thrown at [C:\re\workspace\8-2-build-windows-amd64-cygwin\jdk8u121\8372\hotspot\
Event: 0.061 Thread 0x0000000003dc3800 Exception <a 'java/lang/NoSuchMethodError': Method sun.misc.Unsafe.prefetchRead(Ljava/lang/Object;J)V name or signature does not match> (0x00000000fdf07f90) thrown at [C:\re\workspace\8-2-build-windows-amd64-cygwin\jdk8u121\8372\hotspot\src\share\vm\prims
Event: 28.934 Thread 0x0000000003dc3800 Exception <a 'java/lang/NoSuchFieldError': method resolution failed> (0x00000000fe1c6260) thrown at [C:\re\workspace\8-2-build-windows-amd64-cygwin\jdk8u121\8372\hotspot\src\share\vm\prims\methodHandles.cpp, line 1146]
Event: 30.066 Thread 0x0000000003dc3800 Exception <a 'java/lang/NoSuchFieldError': method resolution failed> (0x00000000fe1d3600) thrown at [C:\re\workspace\8-2-build-windows-amd64-cygwin\jdk8u121\8372\hotspot\src\share\vm\prims\methodHandles.cpp, line 1146]

Events (10 events):
Event: 43.042 Executing VM operation: ChangeSingleStep
Event: 43.042 Executing VM operation: ChangeSingleStep done
Event: 43.043 Executing VM operation: ChangeSingleStep
Event: 43.043 Executing VM operation: ChangeSingleStep done
Event: 43.043 Executing VM operation: GetCurrentLocation
Event: 43.043 Executing VM operation: GetCurrentLocation done
Event: 43.043 Executing VM operation: ChangeSingleStep
Event: 43.043 Executing VM operation: ChangeSingleStep done
Event: 43.043 Executing VM operation: ChangeSingleStep
Event: 43.043 Executing VM operation: ChangeSingleStep done


Dynamic libraries:
0x00007ff7eac50000 - 0x00007ff7eac87000 	D:\Java8\jdk1.8.0_121\bin\java.exe
0x00007ff9f7b60000 - 0x00007ff9f7d31000 	C:\WINDOWS\SYSTEM32\ntdll.dll
0x00007ff9f79b0000 - 0x00007ff9f7a5c000 	C:\WINDOWS\System32\KERNEL32.DLL
0x00007ff9f4170000 - 0x00007ff9f438d000 	C:\WINDOWS\System32\KERNELBASE.dll
0x00007ff9f5100000 - 0x00007ff9f51a2000 	C:\WINDOWS\System32\ADVAPI32.dll
0x00007ff9f7ac0000 - 0x00007ff9f7b5e000 	C:\WINDOWS\System32\msvcrt.dll
0x00007ff9f7a60000 - 0x00007ff9f7ab9000 	C:\WINDOWS\System32\sechost.dll
0x00007ff9f58e0000 - 0x00007ff9f5a01000 	C:\WINDOWS\System32\RPCRT4.dll
0x00007ff9f5e20000 - 0x00007ff9f5f85000 	C:\WINDOWS\System32\USER32.dll
0x00007ff9f3e20000 - 0x00007ff9f3e3e000 	C:\WINDOWS\System32\win32u.dll
0x00007ff9f5600000 - 0x00007ff9f5634000 	C:\WINDOWS\System32\GDI32.dll
0x00007ff9f4c40000 - 0x00007ff9f4dc0000 	C:\WINDOWS\System32\gdi32full.dll
0x00007ff9e54e0000 - 0x00007ff9e575a000 	C:\WINDOWS\WinSxS\amd64_microsoft.windows.common-controls_6595b64144ccf1df_6.0.14393.953_none_42151e83c686086b\COMCTL32.dll
0x00007ff9f5ab0000 - 0x00007ff9f5d78000 	C:\WINDOWS\System32\combase.dll
0x00007ff9f4dc0000 - 0x00007ff9f4eb5000 	C:\WINDOWS\System32\ucrtbase.dll
0x00007ff9f4ec0000 - 0x00007ff9f4f2a000 	C:\WINDOWS\System32\bcryptPrimitives.dll
0x00007ff9f51b0000 - 0x00007ff9f51de000 	C:\WINDOWS\System32\IMM32.DLL
0x0000000051520000 - 0x00000000515f2000 	D:\Java8\jdk1.8.0_121\jre\bin\msvcr100.dll
0x0000000077760000 - 0x0000000077ffb000 	D:\Java8\jdk1.8.0_121\jre\bin\server\jvm.dll
0x00007ff9f3e40000 - 0x00007ff9f3e63000 	C:\WINDOWS\System32\WINMM.dll
0x00007ff9f3da0000 - 0x00007ff9f3dcb000 	C:\WINDOWS\System32\WINMMBASE.dll
0x00007ff9f4080000 - 0x00007ff9f40c2000 	C:\WINDOWS\System32\cfgmgr32.dll
0x00007ff9f53b0000 - 0x00007ff9f53b8000 	C:\WINDOWS\System32\PSAPI.DLL
0x00007ff9e1920000 - 0x00007ff9e1929000 	C:\WINDOWS\SYSTEM32\WSOCK32.dll
0x00007ff9f5340000 - 0x00007ff9f53aa000 	C:\WINDOWS\System32\WS2_32.dll
0x00007ff9e6c50000 - 0x00007ff9e6c5a000 	C:\WINDOWS\SYSTEM32\VERSION.dll
0x0000000051510000 - 0x000000005151f000 	D:\Java8\jdk1.8.0_121\jre\bin\verify.dll
0x00000000514e0000 - 0x0000000051509000 	D:\Java8\jdk1.8.0_121\jre\bin\java.dll
0x0000000051480000 - 0x00000000514b5000 	D:\Java8\jdk1.8.0_121\jre\bin\jdwp.dll
0x0000000051470000 - 0x0000000051478000 	D:\Java8\jdk1.8.0_121\jre\bin\npt.dll
0x00000000514c0000 - 0x00000000514d6000 	D:\Java8\jdk1.8.0_121\jre\bin\zip.dll
0x00007ff9f5ff0000 - 0x00007ff9f74f8000 	C:\WINDOWS\System32\SHELL32.dll
0x00007ff9f4560000 - 0x00007ff9f4c3a000 	C:\WINDOWS\System32\windows.storage.dll
0x00007ff9f3f80000 - 0x00007ff9f3fcc000 	C:\WINDOWS\System32\powrprof.dll
0x00007ff9f52e0000 - 0x00007ff9f5332000 	C:\WINDOWS\System32\shlwapi.dll
0x00007ff9f3e00000 - 0x00007ff9f3e0f000 	C:\WINDOWS\System32\kernel.appcore.dll
0x00007ff9f3ed0000 - 0x00007ff9f3f79000 	C:\WINDOWS\System32\shcore.dll
0x00007ff9f3dd0000 - 0x00007ff9f3de4000 	C:\WINDOWS\System32\profapi.dll
0x0000000051460000 - 0x0000000051469000 	D:\Java8\jdk1.8.0_121\jre\bin\dt_socket.dll
0x00007ff9f3640000 - 0x00007ff9f369c000 	C:\WINDOWS\system32\mswsock.dll
0x00007ff9ebae0000 - 0x00007ff9ebc72000 	C:\WINDOWS\SYSTEM32\dbghelp.dll

VM Arguments:
jvm_args: -agentlib:jdwp=transport=dt_socket,address=127.0.0.1:51490,suspend=y,server=n -Xms100m -Xmx100m -Xss10m -Dfile.encoding=UTF-8 
java_command: org.lanqiao.oom.ThreadOOM
java_class_path (initial): D:\Java8\jdk1.8.0_121\jre\lib\charsets.jar;D:\Java8\jdk1.8.0_121\jre\lib\deploy.jar;D:\Java8\jdk1.8.0_121\jre\lib\ext\access-bridge-64.jar;D:\Java8\jdk1.8.0_121\jre\lib\ext\cldrdata.jar;D:\Java8\jdk1.8.0_121\jre\lib\ext\dnsns.jar;D:\Java8\jdk1.8.0_121\jre\lib\ext\jaccess.jar;D:\Java8\jdk1.8.0_121\jre\lib\ext\jfxrt.jar;D:\Java8\jdk1.8.0_121\jre\lib\ext\localedata.jar;D:\Java8\jdk1.8.0_121\jre\lib\ext\nashorn.jar;D:\Java8\jdk1.8.0_121\jre\lib\ext\sunec.jar;D:\Java8\jdk1.8.0_121\jre\lib\ext\sunjce_provider.jar;D:\Java8\jdk1.8.0_121\jre\lib\ext\sunmscapi.jar;D:\Java8\jdk1.8.0_121\jre\lib\ext\sunpkcs11.jar;D:\Java8\jdk1.8.0_121\jre\lib\ext\zipfs.jar;D:\Java8\jdk1.8.0_121\jre\lib\javaws.jar;D:\Java8\jdk1.8.0_121\jre\lib\jce.jar;D:\Java8\jdk1.8.0_121\jre\lib\jfr.jar;D:\Java8\jdk1.8.0_121\jre\lib\jfxswt.jar;D:\Java8\jdk1.8.0_121\jre\lib\jsse.jar;D:\Java8\jdk1.8.0_121\jre\lib\management-agent.jar;D:\Java8\jdk1.8.0_121\jre\lib\plugin.jar;D:\Java8\jdk1.8.0_121\jre\lib\resources.jar;D:\Java8\jdk1.8.0_121\jre\lib\rt.jar;E:\workspace\JavaAllIn\target\classes;E:\mvnRepository\junit\junit\4.12\junit-4.12.jar;E:\mvnRepository\org\hamcrest\hamcrest-core\1.3\hamcrest-core-1.3.jar;E:\mvnRepository\org\jdom\jdom2\2.0.6\jdom2-2.0.6.jar;E:\mvnRepository\org\apache\commons\commons-dbcp2\2.1\commons-dbcp2-2.1.jar;E:\mvnRepository\org\apache\commons\commons-pool2\2.3\commons-pool2-2.3.jar;E:\mvnRepository\commons-logging\commons-logging\1.2\commons-logging-1.2.jar;E:\mvnRepository\mysql\mysql-connector-java\5.1.10\mysql-connector-java-5.1.10.jar;E:\mvnRepository\commons-dbutils\commons-dbutils\1.6\commons-dbutils-1.6.jar;E:\mvnRepository\org\slf4j\slf4j-log4j12\1.7.25\slf4j-log4j12-1.7.25.jar;E:\mvnRepository\org\slf4j\slf4j-api\1.7.25\slf4j-api-1.7.25.jar;E:\mvnRepository\log4j\log4j\1.2.17\log4j-1.2.17.jar;E:\mvnRepository\commons-beanutils\commons-beanutils\1.9.0\commons-beanutils-1.9.0.jar;E:\mvnRepository\commons-collections\commons-collections\3.2.1\commons
Launcher Type: SUN_STANDARD

Environment Variables:
JAVA_HOME=C:\Program Files\Java\jdk1.8.0_111
CLASSPATH=.;C:\Program Files\Java\jdk1.8.0_111\lib
PATH=D:\cmake-3.8.1-win64-x64\bin;E:\hadoop-2.6.0\bin;E:\hadoop-2.6.0\sbin;d:\Ruby23-x64\bin;C:\Program Files (x86)\Intel\iCLS Client\;C:\Program Files\Intel\iCLS Client\;C:\Windows\system32;C:\Windows;C:\Windows\System32\Wbem;C:\Windows\System32\WindowsPowerShell\v1.0\;C:\Program Files (x86)\Intel\Intel(R) Management Engine Components\DAL;C:\Program Files\Intel\Intel(R) Management Engine Components\DAL;C:\Program Files (x86)\Intel\Intel(R) Management Engine Components\IPT;C:\Program Files\Intel\Intel(R) Management Engine Components\IPT;C:\Program Files (x86)\NVIDIA Corporation\PhysX\Common;C:\Program Files (x86)\Skype\Phone\;D:\Program Files\TortoiseSVN\bin;C:\WINDOWS\system32;C:\WINDOWS;C:\WINDOWS\System32\Wbem;C:\WINDOWS\System32\WindowsPowerShell\v1.0\;d:\Program Files (x86)\Git\cmd;D:\Program Files\nodejs\;D:\mvn\apache-maven-3.0.3\bin;D:\Program Files\TortoiseGit\bin;D:\apache-ant-1.9.9\bin;D:\cmake-3.8.1-win64-x64\bin;C:\Program Files\Java\jdk1.8.0_111\bin;C:\Program Files\Intel\WiFi\bin\;C:\Program Files\Common Files\Intel\WirelessCommon\;C:\Users\lenovo\AppData\Roaming\npm;C:\Users\lenovo\AppData\Local\atom\bin;%USERPROFILE%\AppData\Local\Microsoft\WindowsApps;
USERNAME=lenovo
OS=Windows_NT
PROCESSOR_IDENTIFIER=Intel64 Family 6 Model 61 Stepping 4, GenuineIntel



---------------  S Y S T E M  ---------------

OS: Windows 10.0 , 64 bit Build 14393 (10.0.14393.1198)

CPU:total 4 (2 cores per cpu, 2 threads per core) family 6 model 61 stepping 4, cmov, cx8, fxsr, mmx, sse, sse2, sse3, ssse3, sse4.1, sse4.2, popcnt, avx, avx2, clmul, erms, 3dnowpref, lzcnt, ht, tsc, tscinvbit, bmi1, bmi2, adx

Memory: 4k page, physical 8265112k(3468816k free), swap 9575832k(2547308k free)

vm_info: Java HotSpot(TM) 64-Bit Server VM (25.121-b13) for windows-amd64 JRE (1.8.0_121-b13), built on Dec 12 2016 18:21:36 by "java_re" with MS VC++ 10.0 (VS2010)

time: Sun Jul 30 15:21:57 2017
elapsed time: 43 seconds (0d 0h 0m 43s)

